[2020-06-25 17:47:44,157] DEBUG preRegister called. Server=com.sun.jmx.mbeanserver.JmxMBeanServer@66d3c617, name=log4j:logger=kafka.controller (kafka.controller)
[2020-06-25 17:48:35,102] INFO [ControllerEventThread controllerId=0] Starting (kafka.controller.ControllerEventManager$ControllerEventThread)
[2020-06-25 17:48:35,241] INFO [Controller id=0] 0 successfully elected as the controller. Epoch incremented to 59 and epoch zk version is now 59 (kafka.controller.KafkaController)
[2020-06-25 17:48:35,241] INFO [Controller id=0] Registering handlers (kafka.controller.KafkaController)
[2020-06-25 17:48:35,251] INFO [Controller id=0] Deleting log dir event notifications (kafka.controller.KafkaController)
[2020-06-25 17:48:35,269] INFO [Controller id=0] Deleting isr change notifications (kafka.controller.KafkaController)
[2020-06-25 17:48:35,276] INFO [Controller id=0] Initializing controller context (kafka.controller.KafkaController)
[2020-06-25 17:48:35,334] INFO [Controller id=0] Initialized broker epochs cache: Map(0 -> 1109) (kafka.controller.KafkaController)
[2020-06-25 17:48:35,390] DEBUG [Controller id=0] Register BrokerModifications handler for Set(0) (kafka.controller.KafkaController)
[2020-06-25 17:48:35,542] DEBUG [Channel manager on controller 0]: Controller 0 trying to connect to broker 0 (kafka.controller.ControllerChannelManager)
[2020-06-25 17:48:35,823] INFO [RequestSendThread controllerId=0] Starting (kafka.controller.RequestSendThread)
[2020-06-25 17:48:35,823] INFO [Controller id=0] Currently active brokers in the cluster: Set(0) (kafka.controller.KafkaController)
[2020-06-25 17:48:35,824] INFO [Controller id=0] Currently shutting brokers in the cluster: Set() (kafka.controller.KafkaController)
[2020-06-25 17:48:35,825] INFO [Controller id=0] Current list of topics in the cluster: Set(map-data-input, map-data-output, __consumer_offsets) (kafka.controller.KafkaController)
[2020-06-25 17:48:35,826] INFO [Controller id=0] Fetching topic deletions in progress (kafka.controller.KafkaController)
[2020-06-25 17:48:35,840] INFO [Controller id=0] List of topics to be deleted:  (kafka.controller.KafkaController)
[2020-06-25 17:48:35,840] INFO [Controller id=0] List of topics ineligible for deletion:  (kafka.controller.KafkaController)
[2020-06-25 17:48:35,841] INFO [Controller id=0] Initializing topic deletion manager (kafka.controller.KafkaController)
[2020-06-25 17:48:35,842] INFO [Topic Deletion Manager 0] Initializing manager with initial deletions: Set(), initial ineligible deletions: Set() (kafka.controller.TopicDeletionManager)
[2020-06-25 17:48:35,842] INFO [Controller id=0] Sending update metadata request (kafka.controller.KafkaController)
[2020-06-25 17:48:35,875] INFO [ReplicaStateMachine controllerId=0] Initializing replica state (kafka.controller.ZkReplicaStateMachine)
[2020-06-25 17:48:35,953] INFO [ReplicaStateMachine controllerId=0] Triggering online replica state changes (kafka.controller.ZkReplicaStateMachine)
[2020-06-25 17:48:35,985] INFO [RequestSendThread controllerId=0] Controller 0 connected to 127.0.0.1:9092 (id: 0 rack: null) for sending state change requests (kafka.controller.RequestSendThread)
[2020-06-25 17:48:36,098] INFO [ReplicaStateMachine controllerId=0] Triggering offline replica state changes (kafka.controller.ZkReplicaStateMachine)
[2020-06-25 17:48:36,099] DEBUG [ReplicaStateMachine controllerId=0] Started replica state machine with initial state -> Map([Topic=__consumer_offsets,Partition=21,Replica=0] -> OnlineReplica, [Topic=__consumer_offsets,Partition=42,Replica=0] -> OnlineReplica, [Topic=__consumer_offsets,Partition=46,Replica=0] -> OnlineReplica, [Topic=map-data-input,Partition=3,Replica=0] -> OnlineReplica, [Topic=__consumer_offsets,Partition=39,Replica=0] -> OnlineReplica, [Topic=__consumer_offsets,Partition=7,Replica=0] -> OnlineReplica, [Topic=__consumer_offsets,Partition=13,Replica=0] -> OnlineReplica, [Topic=__consumer_offsets,Partition=49,Replica=0] -> OnlineReplica, [Topic=__consumer_offsets,Partition=48,Replica=0] -> OnlineReplica, [Topic=map-data-input,Partition=8,Replica=0] -> OnlineReplica, [Topic=__consumer_offsets,Partition=15,Replica=0] -> OnlineReplica, [Topic=__consumer_offsets,Partition=38,Replica=0] -> OnlineReplica, [Topic=__consumer_offsets,Partition=2,Replica=0] -> OnlineReplica, [Topic=__consumer_offsets,Partition=28,Replica=0] -> OnlineReplica, [Topic=map-data-input,Partition=9,Replica=0] -> OnlineReplica, [Topic=__consumer_offsets,Partition=23,Replica=0] -> OnlineReplica, [Topic=map-data-input,Partition=4,Replica=0] -> OnlineReplica, [Topic=map-data-output,Partition=0,Replica=0] -> OnlineReplica, [Topic=__consumer_offsets,Partition=32,Replica=0] -> OnlineReplica, [Topic=__consumer_offsets,Partition=10,Replica=0] -> OnlineReplica, [Topic=map-data-input,Partition=2,Replica=0] -> OnlineReplica, [Topic=__consumer_offsets,Partition=18,Replica=0] -> OnlineReplica, [Topic=__consumer_offsets,Partition=33,Replica=0] -> OnlineReplica, [Topic=__consumer_offsets,Partition=5,Replica=0] -> OnlineReplica, [Topic=__consumer_offsets,Partition=17,Replica=0] -> OnlineReplica, [Topic=__consumer_offsets,Partition=8,Replica=0] -> OnlineReplica, [Topic=__consumer_offsets,Partition=19,Replica=0] -> OnlineReplica, [Topic=__consumer_offsets,Partition=37,Replica=0] -> OnlineReplica, [Topic=__consumer_offsets,Partition=43,Replica=0] -> OnlineReplica, [Topic=__consumer_offsets,Partition=6,Replica=0] -> OnlineReplica, [Topic=__consumer_offsets,Partition=9,Replica=0] -> OnlineReplica, [Topic=__consumer_offsets,Partition=30,Replica=0] -> OnlineReplica, [Topic=__consumer_offsets,Partition=3,Replica=0] -> OnlineReplica, [Topic=map-data-input,Partition=6,Replica=0] -> OnlineReplica, [Topic=__consumer_offsets,Partition=25,Replica=0] -> OnlineReplica, [Topic=map-data-input,Partition=5,Replica=0] -> OnlineReplica, [Topic=__consumer_offsets,Partition=47,Replica=0] -> OnlineReplica, [Topic=__consumer_offsets,Partition=36,Replica=0] -> OnlineReplica, [Topic=__consumer_offsets,Partition=11,Replica=0] -> OnlineReplica, [Topic=map-data-input,Partition=0,Replica=0] -> OnlineReplica, [Topic=__consumer_offsets,Partition=34,Replica=0] -> OnlineReplica, [Topic=__consumer_offsets,Partition=12,Replica=0] -> OnlineReplica, [Topic=__consumer_offsets,Partition=27,Replica=0] -> OnlineReplica, [Topic=__consumer_offsets,Partition=44,Replica=0] -> OnlineReplica, [Topic=__consumer_offsets,Partition=1,Replica=0] -> OnlineReplica, [Topic=__consumer_offsets,Partition=45,Replica=0] -> OnlineReplica, [Topic=__consumer_offsets,Partition=24,Replica=0] -> OnlineReplica, [Topic=__consumer_offsets,Partition=22,Replica=0] -> OnlineReplica, [Topic=__consumer_offsets,Partition=0,Replica=0] -> OnlineReplica, [Topic=__consumer_offsets,Partition=31,Replica=0] -> OnlineReplica, [Topic=map-data-input,Partition=7,Replica=0] -> OnlineReplica, [Topic=map-data-input,Partition=1,Replica=0] -> OnlineReplica, [Topic=__consumer_offsets,Partition=14,Replica=0] -> OnlineReplica, [Topic=__consumer_offsets,Partition=40,Replica=0] -> OnlineReplica, [Topic=__consumer_offsets,Partition=4,Replica=0] -> OnlineReplica, [Topic=__consumer_offsets,Partition=20,Replica=0] -> OnlineReplica, [Topic=__consumer_offsets,Partition=41,Replica=0] -> OnlineReplica, [Topic=__consumer_offsets,Partition=26,Replica=0] -> OnlineReplica, [Topic=__consumer_offsets,Partition=29,Replica=0] -> OnlineReplica, [Topic=__consumer_offsets,Partition=16,Replica=0] -> OnlineReplica, [Topic=__consumer_offsets,Partition=35,Replica=0] -> OnlineReplica) (kafka.controller.ZkReplicaStateMachine)
[2020-06-25 17:48:36,100] INFO [PartitionStateMachine controllerId=0] Initializing partition state (kafka.controller.ZkPartitionStateMachine)
[2020-06-25 17:48:36,160] INFO [PartitionStateMachine controllerId=0] Triggering online partition state changes (kafka.controller.ZkPartitionStateMachine)
[2020-06-25 17:48:36,166] DEBUG [PartitionStateMachine controllerId=0] Started partition state machine with initial state -> Map(__consumer_offsets-49 -> OnlinePartition, __consumer_offsets-38 -> OnlinePartition, __consumer_offsets-16 -> OnlinePartition, __consumer_offsets-27 -> OnlinePartition, __consumer_offsets-8 -> OnlinePartition, __consumer_offsets-19 -> OnlinePartition, map-data-input-3 -> OnlinePartition, map-data-input-8 -> OnlinePartition, __consumer_offsets-13 -> OnlinePartition, __consumer_offsets-2 -> OnlinePartition, __consumer_offsets-46 -> OnlinePartition, __consumer_offsets-35 -> OnlinePartition, __consumer_offsets-24 -> OnlinePartition, map-data-input-0 -> OnlinePartition, __consumer_offsets-5 -> OnlinePartition, map-data-input-5 -> OnlinePartition, __consumer_offsets-43 -> OnlinePartition, __consumer_offsets-32 -> OnlinePartition, __consumer_offsets-21 -> OnlinePartition, __consumer_offsets-10 -> OnlinePartition, __consumer_offsets-37 -> OnlinePartition, __consumer_offsets-48 -> OnlinePartition, __consumer_offsets-40 -> OnlinePartition, __consumer_offsets-29 -> OnlinePartition, __consumer_offsets-18 -> OnlinePartition, map-data-input-2 -> OnlinePartition, __consumer_offsets-7 -> OnlinePartition, __consumer_offsets-34 -> OnlinePartition, __consumer_offsets-45 -> OnlinePartition, __consumer_offsets-23 -> OnlinePartition, __consumer_offsets-26 -> OnlinePartition, map-data-output-0 -> OnlinePartition, __consumer_offsets-4 -> OnlinePartition, __consumer_offsets-15 -> OnlinePartition, __consumer_offsets-42 -> OnlinePartition, __consumer_offsets-31 -> OnlinePartition, __consumer_offsets-9 -> OnlinePartition, __consumer_offsets-20 -> OnlinePartition, map-data-input-4 -> OnlinePartition, __consumer_offsets-1 -> OnlinePartition, __consumer_offsets-12 -> OnlinePartition, map-data-input-7 -> OnlinePartition, map-data-input-1 -> OnlinePartition, __consumer_offsets-28 -> OnlinePartition, __consumer_offsets-17 -> OnlinePartition, __consumer_offsets-6 -> OnlinePartition, __consumer_offsets-39 -> OnlinePartition, __consumer_offsets-44 -> OnlinePartition, __consumer_offsets-36 -> OnlinePartition, __consumer_offsets-47 -> OnlinePartition, map-data-input-9 -> OnlinePartition, __consumer_offsets-25 -> OnlinePartition, __consumer_offsets-3 -> OnlinePartition, __consumer_offsets-14 -> OnlinePartition, __consumer_offsets-41 -> OnlinePartition, __consumer_offsets-30 -> OnlinePartition, __consumer_offsets-33 -> OnlinePartition, __consumer_offsets-22 -> OnlinePartition, __consumer_offsets-11 -> OnlinePartition, __consumer_offsets-0 -> OnlinePartition, map-data-input-6 -> OnlinePartition) (kafka.controller.ZkPartitionStateMachine)
[2020-06-25 17:48:36,167] INFO [Controller id=0] Ready to serve as the new controller with epoch 59 (kafka.controller.KafkaController)
[2020-06-25 17:48:36,172] INFO [Controller id=0] Partitions undergoing preferred replica election:  (kafka.controller.KafkaController)
[2020-06-25 17:48:36,173] INFO [Controller id=0] Partitions that completed preferred replica election:  (kafka.controller.KafkaController)
[2020-06-25 17:48:36,173] INFO [Controller id=0] Skipping preferred replica election for partitions due to topic deletion:  (kafka.controller.KafkaController)
[2020-06-25 17:48:36,174] INFO [Controller id=0] Resuming preferred replica election for partitions:  (kafka.controller.KafkaController)
[2020-06-25 17:48:36,207] INFO [Controller id=0] Starting replica leader election (PREFERRED) for partitions  triggered by ZkTriggered (kafka.controller.KafkaController)
[2020-06-25 17:48:36,432] INFO [Controller id=0] Starting the controller scheduler (kafka.controller.KafkaController)
[2020-06-25 17:48:41,435] INFO [Controller id=0] Processing automatic preferred replica leader election (kafka.controller.KafkaController)
[2020-06-25 17:48:41,436] TRACE [Controller id=0] Checking need to trigger auto leader balancing (kafka.controller.KafkaController)
[2020-06-25 17:48:41,445] DEBUG [Controller id=0] Topics not in preferred replica for broker 0 Map() (kafka.controller.KafkaController)
[2020-06-25 17:48:41,447] TRACE [Controller id=0] Leader imbalance ratio for broker 0 is 0.0 (kafka.controller.KafkaController)
[2020-06-25 17:53:41,452] INFO [Controller id=0] Processing automatic preferred replica leader election (kafka.controller.KafkaController)
[2020-06-25 17:53:41,452] TRACE [Controller id=0] Checking need to trigger auto leader balancing (kafka.controller.KafkaController)
[2020-06-25 17:53:41,454] DEBUG [Controller id=0] Topics not in preferred replica for broker 0 Map() (kafka.controller.KafkaController)
[2020-06-25 17:53:41,454] TRACE [Controller id=0] Leader imbalance ratio for broker 0 is 0.0 (kafka.controller.KafkaController)
[2020-06-25 17:58:41,456] INFO [Controller id=0] Processing automatic preferred replica leader election (kafka.controller.KafkaController)
[2020-06-25 17:58:41,456] TRACE [Controller id=0] Checking need to trigger auto leader balancing (kafka.controller.KafkaController)
[2020-06-25 17:58:41,458] DEBUG [Controller id=0] Topics not in preferred replica for broker 0 Map() (kafka.controller.KafkaController)
[2020-06-25 17:58:41,458] TRACE [Controller id=0] Leader imbalance ratio for broker 0 is 0.0 (kafka.controller.KafkaController)
[2020-06-25 18:03:41,465] INFO [Controller id=0] Processing automatic preferred replica leader election (kafka.controller.KafkaController)
[2020-06-25 18:03:41,466] TRACE [Controller id=0] Checking need to trigger auto leader balancing (kafka.controller.KafkaController)
[2020-06-25 18:03:41,468] DEBUG [Controller id=0] Topics not in preferred replica for broker 0 Map() (kafka.controller.KafkaController)
[2020-06-25 18:03:41,468] TRACE [Controller id=0] Leader imbalance ratio for broker 0 is 0.0 (kafka.controller.KafkaController)
[2020-06-25 18:08:41,469] INFO [Controller id=0] Processing automatic preferred replica leader election (kafka.controller.KafkaController)
[2020-06-25 18:08:41,469] TRACE [Controller id=0] Checking need to trigger auto leader balancing (kafka.controller.KafkaController)
[2020-06-25 18:08:41,472] DEBUG [Controller id=0] Topics not in preferred replica for broker 0 Map() (kafka.controller.KafkaController)
[2020-06-25 18:08:41,472] TRACE [Controller id=0] Leader imbalance ratio for broker 0 is 0.0 (kafka.controller.KafkaController)
[2020-06-25 18:13:41,480] INFO [Controller id=0] Processing automatic preferred replica leader election (kafka.controller.KafkaController)
[2020-06-25 18:13:41,481] TRACE [Controller id=0] Checking need to trigger auto leader balancing (kafka.controller.KafkaController)
[2020-06-25 18:13:41,484] DEBUG [Controller id=0] Topics not in preferred replica for broker 0 Map() (kafka.controller.KafkaController)
[2020-06-25 18:13:41,485] TRACE [Controller id=0] Leader imbalance ratio for broker 0 is 0.0 (kafka.controller.KafkaController)
[2020-06-25 18:18:41,493] INFO [Controller id=0] Processing automatic preferred replica leader election (kafka.controller.KafkaController)
[2020-06-25 18:18:41,493] TRACE [Controller id=0] Checking need to trigger auto leader balancing (kafka.controller.KafkaController)
[2020-06-25 18:18:41,494] DEBUG [Controller id=0] Topics not in preferred replica for broker 0 Map() (kafka.controller.KafkaController)
[2020-06-25 18:18:41,494] TRACE [Controller id=0] Leader imbalance ratio for broker 0 is 0.0 (kafka.controller.KafkaController)
